<?xml version="1.0" encoding="UTF-8"?>
<!-- Generated by org.testng.reporters.JUnitXMLReporter -->
<testsuite hostname="AKulkarni-Lap7" ignored="0" name="Default test" tests="4" failures="0" timestamp="06 May 2017 04:35:11 GMT" time="21.524" errors="0">
  <testcase name="verfiyHomePageTitle" time="0.111" classname="com.uptake.testcases.VerifyPages"/>
  <testcase name="navigatetoApproachTab" time="1.059" classname="com.uptake.testcases.VerifyPages"/>
  <testcase name="gotoOpenPositionsDiv" time="0.008" classname="com.uptake.testcases.VerifyPages"/>
  <testcase name="searchInJobListings" time="12.371" classname="com.uptake.testcases.VerifyPages"/>
</testsuite> <!-- Default test -->
