<?xml version="1.0" encoding="UTF-8"?>
<!-- Generated by org.testng.reporters.JUnitXMLReporter -->
<testsuite hostname="AKulkarni-Lap7" ignored="0" name="Default test" tests="4" failures="0" timestamp="06 May 2017 23:14:46 GMT" time="22.99" errors="0">
  <testcase name="verifyHomePageTitle" time="0.117" classname="com.uptake.testcases.VerifyPagesTest"/>
  <testcase name="navigatetoApproachTab" time="1.049" classname="com.uptake.testcases.VerifyPagesTest"/>
  <testcase name="gotoOpenPositionsDiv" time="0.008" classname="com.uptake.testcases.VerifyPagesTest"/>
  <testcase name="searchInJobListings" time="12.384" classname="com.uptake.testcases.VerifyPagesTest"/>
</testsuite> <!-- Default test -->
